/*C2*/SET SCHEMA PUBLIC
DISCONNECT
/*C3*/SET SCHEMA PUBLIC
create table address(id integer generated by default as identity primary key, street varchar(255),city varchar(255),state varchar(255),zip varchar(255))
/*C4*/SET SCHEMA PUBLIC
create table contact(id integer generated by default as identity primary key, name varchar(255),addressid integer,foreign key (id) references address)
/*C8*/SET SCHEMA PUBLIC
INSERT INTO ADDRESS VALUES(0,'room number 103,','trivandrum','Kerala','695011')
COMMIT
/*C3*/INSERT INTO CONTACT VALUES(0,'faisal raza',0)
COMMIT
/*C8*/INSERT INTO ADDRESS VALUES(1,'dsds','sdsd','dssdsd','dsdsd')
COMMIT
/*C3*/INSERT INTO CONTACT VALUES(1,'sdsdsd',1)
COMMIT
/*C4*/DELETE FROM CONTACT WHERE ID=1
INSERT INTO CONTACT VALUES(1,'Faisal',1)
COMMIT
/*C5*/SET SCHEMA PUBLIC
DELETE FROM ADDRESS WHERE ID=1
INSERT INTO ADDRESS VALUES(1,'dsds','sdsd','dssdsd','dsdsd')
COMMIT
/*C9*/SET SCHEMA PUBLIC
DELETE FROM CONTACT WHERE ID=1
COMMIT
/*C6*/SET SCHEMA PUBLIC
DELETE FROM ADDRESS WHERE ID=1
COMMIT
/*C9*/INSERT INTO ADDRESS VALUES(2,'dsds','sdsd','dssdsd','dsdsd')
COMMIT
/*C6*/INSERT INTO CONTACT VALUES(2,'sdsdsd',2)
COMMIT
/*C10*/SET SCHEMA PUBLIC
DELETE FROM CONTACT WHERE ID=2
COMMIT
/*C7*/SET SCHEMA PUBLIC
DELETE FROM ADDRESS WHERE ID=2
COMMIT
/*C4*/INSERT INTO ADDRESS VALUES(3,'nj','vjh','jh','vj')
COMMIT
/*C5*/INSERT INTO CONTACT VALUES(3,'Md Faisal',3)
COMMIT
/*C4*/DELETE FROM CONTACT WHERE ID=3
COMMIT
/*C5*/DELETE FROM ADDRESS WHERE ID=3
COMMIT
